Logfile initialized
[INFO] logfile = /Users/morion4000/Documents/Titanium Studio Workspace/Box-Rest-API-Example/build.log
[DEBUG] /Users/morion4000/Library/Application Support/Titanium/mobilesdk/osx/1.7.2/android/builder.py simulator Box-Rest-API-Example /Users/morion4000/Library/android-sdk-mac_x86 /Users/morion4000/Documents/Titanium Studio Workspace/Box-Rest-API-Example com.codeboxed.example.boxrestapi 12 HVGA 
[INFO] Building Box-Rest-API-Example for Android ... one moment
[INFO] Titanium SDK version: 1.7.2 (07/21/11 09:36 97c3689)
[DEBUG] Waiting for device to be ready ...
[TRACE] adb devices returned 1 devices/emulators
[DEBUG] Device connected... (waited 0 seconds)
[DEBUG] waited 0.045747 seconds on emulator to get ready
[DEBUG] com.codeboxed.example.boxrestapi installed? False
[INFO] Fastdev server running, deploying in Fastdev mode
[INFO] Copying project resources..
[TRACE] Generating Java Classes
[DEBUG] Processing Android resource drawables
[DEBUG] copying app icon: /Users/morion4000/Documents/Titanium Studio Workspace/Box-Rest-API-Example/build/android/bin/assets/Resources/appicon.png
[DEBUG] generating theme.xml
[DEBUG] found drawable-long-land-hdpi splash screen at /Users/morion4000/Documents/Titanium Studio Workspace/Box-Rest-API-Example/Resources/android/images/res-long-land-hdpi/default.png
[DEBUG] copying /Users/morion4000/Documents/Titanium Studio Workspace/Box-Rest-API-Example/Resources/android/images/res-long-land-hdpi/default.png splash screen to /Users/morion4000/Documents/Titanium Studio Workspace/Box-Rest-API-Example/build/android/res/drawable-long-land-hdpi/background.png
[DEBUG] found drawable-long-land-ldpi splash screen at /Users/morion4000/Documents/Titanium Studio Workspace/Box-Rest-API-Example/Resources/android/images/res-long-land-ldpi/default.png
[DEBUG] copying /Users/morion4000/Documents/Titanium Studio Workspace/Box-Rest-API-Example/Resources/android/images/res-long-land-ldpi/default.png splash screen to /Users/morion4000/Documents/Titanium Studio Workspace/Box-Rest-API-Example/build/android/res/drawable-long-land-ldpi/background.png
[DEBUG] found drawable-long-port-hdpi splash screen at /Users/morion4000/Documents/Titanium Studio Workspace/Box-Rest-API-Example/Resources/android/images/res-long-port-hdpi/default.png
[DEBUG] copying /Users/morion4000/Documents/Titanium Studio Workspace/Box-Rest-API-Example/Resources/android/images/res-long-port-hdpi/default.png splash screen to /Users/morion4000/Documents/Titanium Studio Workspace/Box-Rest-API-Example/build/android/res/drawable-long-port-hdpi/background.png
[DEBUG] found drawable-long-port-ldpi splash screen at /Users/morion4000/Documents/Titanium Studio Workspace/Box-Rest-API-Example/Resources/android/images/res-long-port-ldpi/default.png
[DEBUG] copying /Users/morion4000/Documents/Titanium Studio Workspace/Box-Rest-API-Example/Resources/android/images/res-long-port-ldpi/default.png splash screen to /Users/morion4000/Documents/Titanium Studio Workspace/Box-Rest-API-Example/build/android/res/drawable-long-port-ldpi/background.png
[DEBUG] found drawable-notlong-land-hdpi splash screen at /Users/morion4000/Documents/Titanium Studio Workspace/Box-Rest-API-Example/Resources/android/images/res-notlong-land-hdpi/default.png
[DEBUG] copying /Users/morion4000/Documents/Titanium Studio Workspace/Box-Rest-API-Example/Resources/android/images/res-notlong-land-hdpi/default.png splash screen to /Users/morion4000/Documents/Titanium Studio Workspace/Box-Rest-API-Example/build/android/res/drawable-notlong-land-hdpi/background.png
[DEBUG] found drawable-notlong-land-ldpi splash screen at /Users/morion4000/Documents/Titanium Studio Workspace/Box-Rest-API-Example/Resources/android/images/res-notlong-land-ldpi/default.png
[DEBUG] copying /Users/morion4000/Documents/Titanium Studio Workspace/Box-Rest-API-Example/Resources/android/images/res-notlong-land-ldpi/default.png splash screen to /Users/morion4000/Documents/Titanium Studio Workspace/Box-Rest-API-Example/build/android/res/drawable-notlong-land-ldpi/background.png
[DEBUG] found drawable-notlong-land-mdpi splash screen at /Users/morion4000/Documents/Titanium Studio Workspace/Box-Rest-API-Example/Resources/android/images/res-notlong-land-mdpi/default.png
[DEBUG] copying /Users/morion4000/Documents/Titanium Studio Workspace/Box-Rest-API-Example/Resources/android/images/res-notlong-land-mdpi/default.png splash screen to /Users/morion4000/Documents/Titanium Studio Workspace/Box-Rest-API-Example/build/android/res/drawable-notlong-land-mdpi/background.png
[DEBUG] found drawable-notlong-port-hdpi splash screen at /Users/morion4000/Documents/Titanium Studio Workspace/Box-Rest-API-Example/Resources/android/images/res-notlong-port-hdpi/default.png
[DEBUG] copying /Users/morion4000/Documents/Titanium Studio Workspace/Box-Rest-API-Example/Resources/android/images/res-notlong-port-hdpi/default.png splash screen to /Users/morion4000/Documents/Titanium Studio Workspace/Box-Rest-API-Example/build/android/res/drawable-notlong-port-hdpi/background.png
[DEBUG] found drawable-notlong-port-ldpi splash screen at /Users/morion4000/Documents/Titanium Studio Workspace/Box-Rest-API-Example/Resources/android/images/res-notlong-port-ldpi/default.png
[DEBUG] copying /Users/morion4000/Documents/Titanium Studio Workspace/Box-Rest-API-Example/Resources/android/images/res-notlong-port-ldpi/default.png splash screen to /Users/morion4000/Documents/Titanium Studio Workspace/Box-Rest-API-Example/build/android/res/drawable-notlong-port-ldpi/background.png
[DEBUG] found drawable-notlong-port-mdpi splash screen at /Users/morion4000/Documents/Titanium Studio Workspace/Box-Rest-API-Example/Resources/android/images/res-notlong-port-mdpi/default.png
[DEBUG] copying /Users/morion4000/Documents/Titanium Studio Workspace/Box-Rest-API-Example/Resources/android/images/res-notlong-port-mdpi/default.png splash screen to /Users/morion4000/Documents/Titanium Studio Workspace/Box-Rest-API-Example/build/android/res/drawable-notlong-port-mdpi/background.png
[DEBUG] found splash screen at /Users/morion4000/Documents/Titanium Studio Workspace/Box-Rest-API-Example/build/android/bin/assets/Resources/default.png
[TRACE] Writing out AndroidManifest.xml
[DEBUG] adding /Users/morion4000/Documents/Titanium Studio Workspace/Box-Rest-API-Example/build/android/gen/com/codeboxed/example/boxrestapi/BoxRestApiExampleActivity.java to javac build list
[DEBUG] adding /Users/morion4000/Documents/Titanium Studio Workspace/Box-Rest-API-Example/build/android/gen/com/codeboxed/example/boxrestapi/BoxRestApiExampleAppInfo.java to javac build list
[DEBUG] adding /Users/morion4000/Documents/Titanium Studio Workspace/Box-Rest-API-Example/build/android/gen/com/codeboxed/example/boxrestapi/BoxRestApiExampleApplication.java to javac build list
[DEBUG] adding /Users/morion4000/Documents/Titanium Studio Workspace/Box-Rest-API-Example/build/android/gen/com/codeboxed/example/boxrestapi/R.java to javac build list
[DEBUG] Building Java Sources: "/Users/morion4000/Documents/Titanium Studio Workspace/Box-Rest-API-Example/build/android/gen/com/codeboxed/example/boxrestapi/BoxRestApiExampleActivity.java" "/Users/morion4000/Documents/Titanium Studio Workspace/Box-Rest-API-Example/build/android/gen/com/codeboxed/example/boxrestapi/BoxRestApiExampleAppInfo.java" "/Users/morion4000/Documents/Titanium Studio Workspace/Box-Rest-API-Example/build/android/gen/com/codeboxed/example/boxrestapi/BoxRestApiExampleApplication.java" "/Users/morion4000/Documents/Titanium Studio Workspace/Box-Rest-API-Example/build/android/gen/com/codeboxed/example/boxrestapi/R.java"
[INFO] Waiting for SDCard to become available..
[INFO] Compiling Android Resources... This could take some time
[DEBUG] Android classes.dex built
[DEBUG] creating unsigned apk: /Users/morion4000/Documents/Titanium Studio Workspace/Box-Rest-API-Example/build/android/bin/app-unsigned.apk
[DEBUG] from resource zip => assets/Resources/KS_nav_ui.png
[DEBUG] from resource zip => assets/Resources/KS_nav_views.png
[DEBUG] from resource zip => assets/Resources/app.js
[DEBUG] from resource zip => assets/Resources/appicon.png
[DEBUG] from resource zip => assets/Resources/default.png
[DEBUG] from resource zip => assets/tiapp.xml
[DEBUG] from resource zip => res/drawable/appicon.png
[DEBUG] from resource zip => res/drawable/background.png
[DEBUG] from resource zip => res/drawable/facebook_icon.png
[DEBUG] from resource zip => res/drawable/facebook_login.png
[DEBUG] from resource zip => res/drawable/facebook_login_down.png
[DEBUG] from resource zip => res/drawable/facebook_login_wide.png
[DEBUG] from resource zip => res/drawable/facebook_login_wide_down.png
[DEBUG] from resource zip => res/drawable/facebook_logout.png
[DEBUG] from resource zip => res/drawable/facebook_logout_down.png
[DEBUG] from resource zip => res/layout/titanium_tabgroup.xml
[DEBUG] from resource zip => AndroidManifest.xml
[DEBUG] from resource zip => resources.arsc
[DEBUG] from resource zip => res/drawable-hdpi/facebook_icon.png
[DEBUG] from resource zip => res/drawable-ldpi/facebook_icon.png
[DEBUG] from resource zip => res/drawable-long-land-hdpi/background.png
[DEBUG] from resource zip => res/drawable-long-land-ldpi/background.png
[DEBUG] from resource zip => res/drawable-long-port-hdpi/background.png
[DEBUG] from resource zip => res/drawable-long-port-ldpi/background.png
[DEBUG] from resource zip => res/drawable-notlong-land-hdpi/background.png
[DEBUG] from resource zip => res/drawable-notlong-land-ldpi/background.png
[DEBUG] from resource zip => res/drawable-notlong-land-mdpi/background.png
[DEBUG] from resource zip => res/drawable-notlong-port-hdpi/background.png
[DEBUG] from resource zip => res/drawable-notlong-port-ldpi/background.png
[DEBUG] from resource zip => res/drawable-notlong-port-mdpi/background.png
[DEBUG] from JAR /Users/morion4000/Library/Application Support/Titanium/modules/android/com.codeboxed.boxrestapi/0.5/boxrestapi.jar => assets/com.codeboxed.boxrestapi.js
[DEBUG] from JAR /Users/morion4000/Library/Application Support/Titanium/mobilesdk/osx/1.7.2/android/smalljs.jar => org/mozilla/javascript/resources/Messages.properties
[DEBUG] from JAR /Users/morion4000/Library/Application Support/Titanium/mobilesdk/osx/1.7.2/android/smalljs.jar => org/mozilla/javascript/resources/Messages_fr.properties
[DEBUG] from JAR /Users/morion4000/Library/Application Support/Titanium/mobilesdk/osx/1.7.2/android/titanium.jar => org/apache/Commons-NOTICE.txt
[DEBUG] from JAR /Users/morion4000/Library/Application Support/Titanium/mobilesdk/osx/1.7.2/android/titanium.jar => org/apache/HttpComponents-NOTICE.txt
[DEBUG] from JAR /Users/morion4000/Library/Application Support/Titanium/mobilesdk/osx/1.7.2/android/titanium.jar => org/apache/mime4j-NOTICE.txt
[DEBUG] from JAR /Users/morion4000/Library/Application Support/Titanium/mobilesdk/osx/1.7.2/android/titanium.jar => org/appcelerator/titanium/build.properties
[DEBUG] from JAR /Users/morion4000/Library/Application Support/Titanium/mobilesdk/osx/1.7.2/android/titanium.jar => org/appcelerator/titanium/res/drawable/background.png
[DEBUG] from JAR /Users/morion4000/Library/Application Support/Titanium/mobilesdk/osx/1.7.2/android/titanium.jar => org/appcelerator/titanium/res/drawable/btn_check_buttonless_on.png
[DEBUG] from JAR /Users/morion4000/Library/Application Support/Titanium/mobilesdk/osx/1.7.2/android/titanium.jar => org/appcelerator/titanium/res/drawable/btn_check_buttonless_on_18.png
[DEBUG] from JAR /Users/morion4000/Library/Application Support/Titanium/mobilesdk/osx/1.7.2/android/titanium.jar => org/appcelerator/titanium/res/drawable/btn_check_buttonless_on_48.png
[DEBUG] from JAR /Users/morion4000/Library/Application Support/Titanium/mobilesdk/osx/1.7.2/android/titanium.jar => org/appcelerator/titanium/res/drawable/btn_more.png
[DEBUG] from JAR /Users/morion4000/Library/Application Support/Titanium/mobilesdk/osx/1.7.2/android/titanium.jar => org/appcelerator/titanium/res/drawable/btn_more_18.png
[DEBUG] from JAR /Users/morion4000/Library/Application Support/Titanium/mobilesdk/osx/1.7.2/android/titanium.jar => org/appcelerator/titanium/res/drawable/btn_more_48.png
[DEBUG] from JAR /Users/morion4000/Library/Application Support/Titanium/mobilesdk/osx/1.7.2/android/titanium.jar => org/appcelerator/titanium/res/drawable/btn_picker_normal.9.png
[DEBUG] from JAR /Users/morion4000/Library/Application Support/Titanium/mobilesdk/osx/1.7.2/android/titanium.jar => org/appcelerator/titanium/res/drawable/btn_picker_pressed.9.png
[DEBUG] from JAR /Users/morion4000/Library/Application Support/Titanium/mobilesdk/osx/1.7.2/android/titanium.jar => org/appcelerator/titanium/res/drawable/btn_picker_selected.9.png
[DEBUG] from JAR /Users/morion4000/Library/Application Support/Titanium/mobilesdk/osx/1.7.2/android/titanium.jar => org/appcelerator/titanium/res/drawable/default_icon.png
[DEBUG] from JAR /Users/morion4000/Library/Application Support/Titanium/mobilesdk/osx/1.7.2/android/titanium.jar => org/appcelerator/titanium/res/drawable/photoDefault.png
[DEBUG] from JAR /Users/morion4000/Library/Application Support/Titanium/mobilesdk/osx/1.7.2/android/modules/titanium-yahoo.jar => ti/modules/titanium/yahoo/yahoo.js
[DEBUG] from JAR /Users/morion4000/Library/Application Support/Titanium/mobilesdk/osx/1.7.2/android/modules/titanium-ui.jar => ti/modules/titanium/ui/widget/webview/binding.js
[DEBUG] from JAR /Users/morion4000/Library/Application Support/Titanium/mobilesdk/osx/1.7.2/android/modules/titanium-ui.jar => ti/modules/titanium/ui/widget/webview/binding.min.js
[DEBUG] from JAR /Users/morion4000/Library/Application Support/Titanium/mobilesdk/osx/1.7.2/android/modules/titanium-ui.jar => ti/modules/titanium/ui/widget/webview/json2.js
[DEBUG] from JAR /Users/morion4000/Library/Application Support/Titanium/mobilesdk/osx/1.7.2/android/modules/titanium-facebook.jar => ti/modules/titanium/facebook/LICENSE
[DEBUG] Waiting for device to be ready ...
[TRACE] adb devices returned 1 devices/emulators
[DEBUG] Device connected... (waited 0 seconds)
[DEBUG] waited 0.033004 seconds on emulator to get ready
[INFO] Installing application on device
[INFO] Launching application ... Box-Rest-API-Example
[TRACE] Launch output: Starting: Intent { act=android.intent.action.MAIN cat=[android.intent.category.LAUNCHER] cmp=com.codeboxed.example.boxrestapi/.BoxRestApiExampleActivity }

[INFO] Deployed Box-Rest-API-Example ... Application should be running.
[INFO] Android Emulator has exited
